Performing C++ SOURCE FILE Test CMAKE_HAVE_LIBC_PTHREAD failed with the following output:
Change Dir: D:/diplom/SperInvest/server/build-Server-Desktop_Qt_6_5_1_MSVC2019_64bit-Debug/CMakeFiles/CMakeTmp

Run Build Command(s):C:/PROGRA~2/MICROS~4/2019/COMMUN~1/Common7/IDE/COMMON~1/MICROS~1/CMake/Ninja/ninja.exe cmTC_02b6a && [1/2] Building CXX object CMakeFiles\cmTC_02b6a.dir\src.cxx.obj
FAILED: CMakeFiles/cmTC_02b6a.dir/src.cxx.obj 
C:\PROGRA~2\MICROS~4\2019\COMMUN~1\VC\Tools\MSVC\14.29.30133\bin\HostX64\x64\cl.exe  /nologo /TP -DCMAKE_HAVE_LIBC_PTHREAD  /DWIN32 /D_WINDOWS /W3 /GR /EHsc  /MDd /Zi /Ob0 /Od /RTC1 -std:c++17 /showIncludes /FoCMakeFiles\cmTC_02b6a.dir\src.cxx.obj /FdCMakeFiles\cmTC_02b6a.dir\ /FS -c D:\diplom\SperInvest\server\build-Server-Desktop_Qt_6_5_1_MSVC2019_64bit-Debug\CMakeFiles\CMakeTmp\src.cxx
D:\diplom\SperInvest\server\build-Server-Desktop_Qt_6_5_1_MSVC2019_64bit-Debug\CMakeFiles\CMakeTmp\src.cxx(1): fatal error C1083: Не удается открыть файл включение: pthread.h: No such file or directory,
ninja: build stopped: subcommand failed.


Source file was:
#include <pthread.h>

static void* test_func(void* data)
{
  return data;
}

int main(void)
{
  pthread_t thread;
  pthread_create(&thread, NULL, test_func, NULL);
  pthread_detach(thread);
  pthread_cancel(thread);
  pthread_join(thread, NULL);
  pthread_atfork(NULL, NULL, NULL);
  pthread_exit(NULL);

  return 0;
}

Determining if the function pthread_create exists in the pthreads failed with the following output:
Change Dir: D:/diplom/SperInvest/server/build-Server-Desktop_Qt_6_5_1_MSVC2019_64bit-Debug/CMakeFiles/CMakeTmp

Run Build Command(s):C:/PROGRA~2/MICROS~4/2019/COMMUN~1/Common7/IDE/COMMON~1/MICROS~1/CMake/Ninja/ninja.exe cmTC_22497 && [1/2] Building CXX object CMakeFiles\cmTC_22497.dir\CheckFunctionExists.cxx.obj
[2/2] Linking CXX executable cmTC_22497.exe
FAILED: cmTC_22497.exe 
cmd.exe /C "cd . && C:\Qt\Tools\CMake_64\bin\cmake.exe -E vs_link_exe --intdir=CMakeFiles\cmTC_22497.dir --rc=C:\PROGRA~2\WI3CF2~1\10\bin\100183~1.0\x64\rc.exe --mt=C:\PROGRA~2\WI3CF2~1\10\bin\100183~1.0\x64\mt.exe --manifests  -- C:\PROGRA~2\MICROS~4\2019\COMMUN~1\VC\Tools\MSVC\14.29.30133\bin\Hostx64\x64\link.exe /nologo CMakeFiles\cmTC_22497.dir\CheckFunctionExists.cxx.obj  /out:cmTC_22497.exe /implib:cmTC_22497.lib /pdb:cmTC_22497.pdb /version:0.0 /machine:x64  /debug /INCREMENTAL /subsystem:console  pthreads.lib  kernel32.lib user32.lib gdi32.lib winspool.lib shell32.lib ole32.lib oleaut32.lib uuid.lib comdlg32.lib advapi32.lib && cd ."
LINK Pass 1: command "C:\PROGRA~2\MICROS~4\2019\COMMUN~1\VC\Tools\MSVC\14.29.30133\bin\Hostx64\x64\link.exe /nologo CMakeFiles\cmTC_22497.dir\CheckFunctionExists.cxx.obj /out:cmTC_22497.exe /implib:cmTC_22497.lib /pdb:cmTC_22497.pdb /version:0.0 /machine:x64 /debug /INCREMENTAL /subsystem:console pthreads.lib kernel32.lib user32.lib gdi32.lib winspool.lib shell32.lib ole32.lib oleaut32.lib uuid.lib comdlg32.lib advapi32.lib /MANIFEST /MANIFESTFILE:CMakeFiles\cmTC_22497.dir/intermediate.manifest CMakeFiles\cmTC_22497.dir/manifest.res" failed (exit code 1104) with the following output:
LINK : fatal error LNK1104: не удается открыть файл "pthreads.lib"
ninja: build stopped: subcommand failed.



Determining if the function pthread_create exists in the pthread failed with the following output:
Change Dir: D:/diplom/SperInvest/server/build-Server-Desktop_Qt_6_5_1_MSVC2019_64bit-Debug/CMakeFiles/CMakeTmp

Run Build Command(s):C:/PROGRA~2/MICROS~4/2019/COMMUN~1/Common7/IDE/COMMON~1/MICROS~1/CMake/Ninja/ninja.exe cmTC_e834d && [1/2] Building CXX object CMakeFiles\cmTC_e834d.dir\CheckFunctionExists.cxx.obj
[2/2] Linking CXX executable cmTC_e834d.exe
FAILED: cmTC_e834d.exe 
cmd.exe /C "cd . && C:\Qt\Tools\CMake_64\bin\cmake.exe -E vs_link_exe --intdir=CMakeFiles\cmTC_e834d.dir --rc=C:\PROGRA~2\WI3CF2~1\10\bin\100183~1.0\x64\rc.exe --mt=C:\PROGRA~2\WI3CF2~1\10\bin\100183~1.0\x64\mt.exe --manifests  -- C:\PROGRA~2\MICROS~4\2019\COMMUN~1\VC\Tools\MSVC\14.29.30133\bin\Hostx64\x64\link.exe /nologo CMakeFiles\cmTC_e834d.dir\CheckFunctionExists.cxx.obj  /out:cmTC_e834d.exe /implib:cmTC_e834d.lib /pdb:cmTC_e834d.pdb /version:0.0 /machine:x64  /debug /INCREMENTAL /subsystem:console  pthread.lib  kernel32.lib user32.lib gdi32.lib winspool.lib shell32.lib ole32.lib oleaut32.lib uuid.lib comdlg32.lib advapi32.lib && cd ."
LINK Pass 1: command "C:\PROGRA~2\MICROS~4\2019\COMMUN~1\VC\Tools\MSVC\14.29.30133\bin\Hostx64\x64\link.exe /nologo CMakeFiles\cmTC_e834d.dir\CheckFunctionExists.cxx.obj /out:cmTC_e834d.exe /implib:cmTC_e834d.lib /pdb:cmTC_e834d.pdb /version:0.0 /machine:x64 /debug /INCREMENTAL /subsystem:console pthread.lib kernel32.lib user32.lib gdi32.lib winspool.lib shell32.lib ole32.lib oleaut32.lib uuid.lib comdlg32.lib advapi32.lib /MANIFEST /MANIFESTFILE:CMakeFiles\cmTC_e834d.dir/intermediate.manifest CMakeFiles\cmTC_e834d.dir/manifest.res" failed (exit code 1104) with the following output:
LINK : fatal error LNK1104: не удается открыть файл "pthread.lib"
ninja: build stopped: subcommand failed.



